Running: C:\Xilinx\14.7\ISE_DS\ISE\bin\nt64\unwrapped\fuse.exe -intstyle ise -incremental -lib unisims_ver -lib unimacro_ver -lib xilinxcorelib_ver -lib secureip -o C:/xilingProjects/Lab2_RCA8/RCA8testFixure_isim_beh.exe -prj C:/xilingProjects/Lab2_RCA8/RCA8testFixure_beh.prj RCA8testFixure work.glbl 
ISim P.20131013 (signature 0x7708f090)
Number of CPUs detected in this system: 4
Turning on mult-threading, number of parallel sub-compilation jobs: 8 
Determining compilation order of HDL files
Analyzing Verilog file "C:/xilingProjects/Lab2_RCA8/HalfAdder.v" into library work
Analyzing Verilog file "C:/xilingProjects/Lab2_RCA8/FullAdder.v" into library work
Analyzing Verilog file "C:/xilingProjects/Lab2_RCA8/RCA8.v" into library work
Analyzing Verilog file "C:/xilingProjects/Lab2_RCA8/RCA8testFixure.v" into library work
Analyzing Verilog file "C:/Xilinx/14.7/ISE_DS/ISE//verilog/src/glbl.v" into library work
Starting static elaboration
Completed static elaboration
Compiling module HalfAdder
Compiling module FullAdder
Compiling module RCA8
Compiling module RCA8testFixure
Compiling module glbl
Time Resolution for simulation is 1ps.
Waiting for 1 sub-compilation(s) to finish...
Compiled 5 Verilog Units
Built simulation executable C:/xilingProjects/Lab2_RCA8/RCA8testFixure_isim_beh.exe
Fuse Memory Usage: 28212 KB
Fuse CPU Usage: 421 ms
