Command line:
   FullAdder_isim_beh.exe
     -simmode  gui
     -simrunnum  0
     -socket  53323

Thu Sep 08 22:14:54 2016


 Elaboration Time: 0.0625 sec

 Current Memory Usage: 387.797 Meg

 Total Signals          : 29
 Total Nets             : 21
 Total Signal Drivers   : 10
 Total Blocks           : 4
 Total Primitive Blocks : 3
 Total Processes        : 11
 Total Traceable Variables  : 18
 Total Scalar Nets and Variables : 101
Total Line Count : 19

 Total Simulation Time: 0.1875 sec

 Current Memory Usage: 387.797 Meg

Thu Sep 08 22:15:05 2016

