Running: C:\Xilinx\14.7\ISE_DS\ISE\bin\nt64\unwrapped\fuse.exe -intstyle ise -incremental -lib unisims_ver -lib unimacro_ver -lib xilinxcorelib_ver -lib secureip -o C:/xilingProjects/Lab_Alu/ALU_TestFixure_isim_beh.exe -prj C:/xilingProjects/Lab_Alu/ALU_TestFixure_beh.prj work.ALU_TestFixure work.glbl 
ISim P.20131013 (signature 0x7708f090)
Number of CPUs detected in this system: 4
Turning on mult-threading, number of parallel sub-compilation jobs: 8 
Determining compilation order of HDL files
Analyzing Verilog file "C:/xilingProjects/Lab_Alu/HalfAdder.v" into library work
Analyzing Verilog file "C:/xilingProjects/Lab_Alu/FullAdder.v" into library work
Analyzing Verilog file "C:/xilingProjects/Lab_Alu/RCA8.v" into library work
Analyzing Verilog file "C:/xilingProjects/Lab_Alu/Subtracter_32.v" into library work
Analyzing Verilog file "C:/xilingProjects/Lab_Alu/SetLessThan_32.v" into library work
Analyzing Verilog file "C:/xilingProjects/Lab_Alu/OR_32.v" into library work
Analyzing Verilog file "C:/xilingProjects/Lab_Alu/Mux8to1_32bit.v" into library work
Analyzing Verilog file "C:/xilingProjects/Lab_Alu/AND_32.v" into library work
Analyzing Verilog file "C:/xilingProjects/Lab_Alu/Adder_32.v" into library work
Analyzing Verilog file "C:/xilingProjects/Lab_Alu/ALU.v" into library work
Analyzing Verilog file "C:/xilingProjects/Lab_Alu/ALU_TestFixure.v" into library work
Analyzing Verilog file "C:/Xilinx/14.7/ISE_DS/ISE//verilog/src/glbl.v" into library work
Starting static elaboration
Completed static elaboration
Compiling module AND_32
Compiling module OR_32
Compiling module HalfAdder
Compiling module FullAdder
Compiling module RCA8
Compiling module Adder_32
Compiling module Subtracter_32
Compiling module SetLessThan_32
Compiling module Mux8to1_32bit
Compiling module ALU
Compiling module ALU_TestFixure
Compiling module glbl
Time Resolution for simulation is 1ps.
Waiting for 5 sub-compilation(s) to finish...
Compiled 12 Verilog Units
Built simulation executable C:/xilingProjects/Lab_Alu/ALU_TestFixure_isim_beh.exe
Fuse Memory Usage: 28216 KB
Fuse CPU Usage: 452 ms
