Command line:
   ALU_isim_beh.exe
     -simmode  gui
     -simrunnum  1
     -socket  51995

Fri Sep 30 19:36:00 2016


 Elaboration Time: 0.078125 sec

 Current Memory Usage: 387.973 Meg

 Total Signals          : 610
 Total Nets             : 498
 Total Signal Drivers   : 175
 Total Blocks           : 108
 Total Primitive Blocks : 70
 Total Processes        : 177
 Total Traceable Variables  : 19
 Total Scalar Nets and Variables : 610
Total Line Count : 191

 Total Simulation Time: 0.15625 sec

 Current Memory Usage: 387.973 Meg

Fri Sep 30 19:36:07 2016

